<?xml version="1.0" encoding="UTF-8"?>
<!-- Generated by org.testng.reporters.JUnitReportReporter -->
<testsuite hostname="TOSHIBA" name="testCases.LoginLogout" tests="4" failures="0" timestamp="2 Mar 2018 14:44:20 GMT" time="11.605" errors="0">
  <testcase name="testingWithIncorrectCredencials" time="1.802" classname="testCases.LoginLogout"/>
  <testcase name="testingWithCorrectCredencials" time="4.013" classname="testCases.LoginLogout"/>
  <testcase name="testingWithCorrectCredencials" time="3.857" classname="testCases.LoginLogout"/>
  <testcase name="testingWithIncorrectCredencials" time="1.933" classname="testCases.LoginLogout"/>
</testsuite> <!-- testCases.LoginLogout -->
