<?xml version="1.0" encoding="UTF-8"?>
<!-- Generated by org.testng.reporters.JUnitReportReporter -->
<testsuite skipped="0" hostname="TOSHIBA" name="testCases.LoginLogout" tests="4" failures="0" timestamp="31 Mar 2018 17:16:38 GMT" time="14.450" errors="0">
  <testcase name="testingWithIncorrectCredencials" time="1.497" classname="testCases.LoginLogout"/>
  <testcase name="testingWithCorrectCredencials" time="4.171" classname="testCases.LoginLogout"/>
  <testcase name="testingWithIncorrectCredencials" time="1.495" classname="testCases.LoginLogout"/>
  <testcase name="testingWithCorrectCredencials" time="7.287" classname="testCases.LoginLogout"/>
</testsuite> <!-- testCases.LoginLogout -->
