<?xml version="1.0" encoding="UTF-8"?>
<!-- Generated by org.testng.reporters.JUnitReportReporter -->
<testsuite skipped="0" hostname="TOSHIBA" name="utilities.TestRunner" tests="1" failures="0" timestamp="31 Mar 2018 17:15:51 GMT" time="49.185" errors="0">
  <testcase name="feature" time="49.185" classname="utilities.TestRunner"/>
</testsuite> <!-- utilities.TestRunner -->
