<?xml version="1.0" encoding="UTF-8"?>
<!-- Generated by org.testng.reporters.JUnitReportReporter -->
<testsuite hostname="TOSHIBA" name="utilities.TestRunner" tests="1" failures="0" timestamp="2 Mar 2018 22:13:35 GMT" time="8.116" errors="0">
  <testcase name="run_cukes" time="8.116" classname="utilities.TestRunner"/>
</testsuite> <!-- utilities.TestRunner -->
