<?xml version="1.0" encoding="UTF-8"?>
<!-- Generated by org.testng.reporters.JUnitReportReporter -->
<testsuite hostname="TOSHIBA" name="utilities.TestRunner" tests="1" failures="0" timestamp="9 Mar 2018 20:06:01 GMT" time="9.120" errors="0">
  <testcase name="run_cukes" time="9.120" classname="utilities.TestRunner"/>
</testsuite> <!-- utilities.TestRunner -->
