<?xml version="1.0" encoding="UTF-8"?>
<!-- Generated by org.testng.reporters.JUnitReportReporter -->
<testsuite hostname="TOSHIBA" name="testCases.LoginLogout" tests="4" failures="0" timestamp="16 Mar 2018 17:53:25 GMT" time="11.622" errors="0">
  <testcase name="testingWithIncorrectCredencials" time="1.704" classname="testCases.LoginLogout"/>
  <testcase name="testingWithCorrectCredencials" time="4.330" classname="testCases.LoginLogout"/>
  <testcase name="testingWithCorrectCredencials" time="3.974" classname="testCases.LoginLogout"/>
  <testcase name="testingWithIncorrectCredencials" time="1.614" classname="testCases.LoginLogout"/>
</testsuite> <!-- testCases.LoginLogout -->
